2025-06-15 01:45:29,644 - root - WARNING - Health Check: Low FPS detected: 0.25
2025-06-15 01:45:29,644 - root - WARNING - Health check failed - system may need attention
2025-06-15 01:45:34,833 - root - WARNING - Health Check: Low FPS detected: 0.25
2025-06-15 01:45:34,835 - root - WARNING - Health check failed - system may need attention
2025-06-15 01:45:40,843 - root - WARNING - Health Check: Low FPS detected: 0.24
2025-06-15 01:45:40,844 - root - WARNING - Health check failed - system may need attention
2025-06-15 01:45:44,838 - root - WARNING - Health Check: Low FPS detected: 0.24
2025-06-15 01:45:44,839 - root - WARNING - Health check failed - system may need attention
2025-06-15 01:45:47,444 - root - WARNING - Health Check: Low FPS detected: 0.24
2025-06-15 01:45:47,445 - root - WARNING - Health check failed - system may need attention
2025-06-15 01:45:49,899 - root - WARNING - Health Check: Low FPS detected: 0.25
2025-06-15 01:45:49,899 - root - WARNING - Health check failed - system may need attention
2025-06-15 01:45:52,267 - root - WARNING - Health Check: Low FPS detected: 0.25
2025-06-15 01:45:52,267 - root - WARNING - Health check failed - system may need attention
2025-06-15 01:45:54,579 - root - WARNING - Health Check: Low FPS detected: 0.26
2025-06-15 01:45:54,579 - root - WARNING - Health check failed - system may need attention
2025-06-15 01:45:56,897 - root - WARNING - Health Check: Low FPS detected: 0.26
2025-06-15 01:45:56,898 - root - WARNING - Health check failed - system may need attention
2025-06-15 01:45:59,475 - root - WARNING - Health Check: Low FPS detected: 0.27
2025-06-15 01:45:59,475 - root - WARNING - Health check failed - system may need attention
2025-06-15 01:46:01,863 - root - WARNING - Health Check: Low FPS detected: 0.27
2025-06-15 01:46:01,863 - root - WARNING - Health check failed - system may need attention
2025-06-15 01:46:05,974 - root - WARNING - Health Check: Low FPS detected: 0.27
2025-06-15 01:46:05,975 - root - WARNING - Health check failed - system may need attention
2025-06-15 01:46:09,533 - root - WARNING - Health Check: Low FPS detected: 0.27
2025-06-15 01:46:09,533 - root - WARNING - Health check failed - system may need attention
2025-06-15 01:46:13,772 - root - WARNING - Health Check: Low FPS detected: 0.27
2025-06-15 01:46:13,773 - root - WARNING - Health check failed - system may need attention
2025-06-15 01:46:17,161 - root - WARNING - Health Check: Low FPS detected: 0.27
2025-06-15 01:46:17,162 - root - WARNING - Health check failed - system may need attention
2025-06-15 01:46:20,407 - root - WARNING - Health Check: Low FPS detected: 0.27
2025-06-15 01:46:20,407 - root - WARNING - Health check failed - system may need attention
2025-06-15 01:46:23,785 - root - WARNING - Health Check: Low FPS detected: 0.27
2025-06-15 01:46:23,786 - root - WARNING - Health check failed - system may need attention
2025-06-15 01:46:27,039 - root - WARNING - Health Check: Low FPS detected: 0.27
2025-06-15 01:46:27,039 - root - WARNING - Health check failed - system may need attention
2025-06-15 01:46:30,283 - root - WARNING - Health Check: Low FPS detected: 0.27
2025-06-15 01:46:30,283 - root - WARNING - Health check failed - system may need attention
2025-06-15 01:46:33,702 - root - WARNING - Health Check: Low FPS detected: 0.27
2025-06-15 01:46:33,703 - root - WARNING - Health check failed - system may need attention
2025-06-15 01:46:37,223 - root - WARNING - Health Check: Low FPS detected: 0.27
2025-06-15 01:46:37,223 - root - WARNING - Health check failed - system may need attention
2025-06-15 01:46:40,532 - root - WARNING - Health Check: Low FPS detected: 0.28
2025-06-15 01:46:40,532 - root - WARNING - Health check failed - system may need attention
2025-06-15 01:46:43,851 - root - WARNING - Health Check: Low FPS detected: 0.28
2025-06-15 01:46:43,851 - root - WARNING - Health check failed - system may need attention
2025-06-15 01:46:47,189 - root - WARNING - Health Check: Low FPS detected: 0.28
2025-06-15 01:46:47,190 - root - WARNING - Health check failed - system may need attention
2025-06-15 01:46:50,535 - root - WARNING - Health Check: Low FPS detected: 0.28
2025-06-15 01:46:50,536 - root - WARNING - Health check failed - system may need attention
2025-06-15 01:46:53,916 - root - WARNING - Health Check: Low FPS detected: 0.28
2025-06-15 01:46:53,917 - root - WARNING - Health check failed - system may need attention
2025-06-15 01:46:57,328 - root - WARNING - Health Check: Low FPS detected: 0.28
2025-06-15 01:46:57,328 - root - WARNING - Health check failed - system may need attention
2025-06-15 01:47:00,316 - root - WARNING - Health Check: Low FPS detected: 0.28
2025-06-15 01:47:00,316 - root - WARNING - Health check failed - system may need attention
2025-06-15 01:47:03,054 - root - WARNING - Health Check: Low FPS detected: 0.28
2025-06-15 01:47:03,055 - root - WARNING - Health check failed - system may need attention
2025-06-15 01:47:05,768 - root - WARNING - Health Check: Low FPS detected: 0.28
2025-06-15 01:47:05,769 - root - WARNING - Health check failed - system may need attention
2025-06-15 01:47:08,640 - root - WARNING - Health Check: Low FPS detected: 0.28
2025-06-15 01:47:08,640 - root - WARNING - Health check failed - system may need attention
2025-06-15 01:47:11,472 - root - WARNING - Health Check: Low FPS detected: 0.28
2025-06-15 01:47:11,472 - root - WARNING - Health check failed - system may need attention
2025-06-15 01:47:14,380 - root - WARNING - Health Check: Low FPS detected: 0.29
2025-06-15 01:47:14,380 - root - WARNING - Health check failed - system may need attention
2025-06-15 01:47:17,418 - root - WARNING - Health Check: Low FPS detected: 0.29
2025-06-15 01:47:17,418 - root - WARNING - Health check failed - system may need attention
2025-06-16 16:23:46,145 - root - ERROR - Failed to initialize video capture: Could not open video stream
2025-06-16 16:23:46,146 - root - ERROR - Failed to initialize video capture. Exiting.
2025-06-16 16:24:34,136 - root - ERROR - Failed to initialize video capture: Could not open video stream
2025-06-16 16:24:34,137 - root - ERROR - Failed to initialize video capture. Exiting.
2025-06-16 16:25:14,211 - root - ERROR - Failed to initialize video capture: Could not open video stream
2025-06-16 16:25:14,211 - root - ERROR - Failed to initialize video capture. Exiting.
2025-06-16 16:26:42,686 - root - ERROR - Failed to initialize video capture: Could not open video stream
2025-06-16 16:26:42,687 - root - ERROR - Failed to initialize video capture. Exiting.
2025-06-17 17:36:58,148 - root - ERROR - Failed to initialize video capture: Could not open video stream
2025-06-17 17:36:58,150 - root - ERROR - Failed to initialize video capture. Exiting.
2025-06-17 17:37:39,902 - root - ERROR - Failed to initialize video capture: Could not open video stream
2025-06-17 17:37:39,902 - root - ERROR - Failed to initialize video capture. Exiting.
2025-06-17 17:38:15,022 - root - ERROR - Failed to initialize video capture: Could not open video stream
2025-06-17 17:38:15,023 - root - ERROR - Failed to initialize video capture. Exiting.
2025-06-17 17:41:46,723 - root - ERROR - Failed to initialize video capture: Could not open video stream
2025-06-17 17:41:46,723 - root - ERROR - Failed to initialize video capture. Exiting.
2025-06-17 17:43:51,595 - root - WARNING - Health Check: Low FPS detected: 0.35
2025-06-17 17:43:51,595 - root - WARNING - Health check failed - system may need attention
2025-06-17 17:43:54,107 - root - WARNING - Health Check: Low FPS detected: 0.35
2025-06-17 17:43:54,107 - root - WARNING - Health check failed - system may need attention
2025-06-17 17:43:56,628 - root - WARNING - Health Check: Low FPS detected: 0.35
2025-06-17 17:43:56,628 - root - WARNING - Health check failed - system may need attention
2025-06-17 17:43:59,203 - root - WARNING - Health Check: Low FPS detected: 0.36
2025-06-17 17:43:59,204 - root - WARNING - Health check failed - system may need attention
2025-06-17 17:44:01,873 - root - WARNING - Health Check: Low FPS detected: 0.36
2025-06-17 17:44:01,874 - root - WARNING - Health check failed - system may need attention
2025-06-17 17:44:04,678 - root - WARNING - Health Check: Low FPS detected: 0.36
2025-06-17 17:44:04,679 - root - WARNING - Health check failed - system may need attention
2025-06-17 17:44:07,554 - root - WARNING - Health Check: Low FPS detected: 0.36
2025-06-17 17:44:07,554 - root - WARNING - Health check failed - system may need attention
2025-06-17 17:44:10,495 - root - WARNING - Health Check: Low FPS detected: 0.36
2025-06-17 17:44:10,495 - root - WARNING - Health check failed - system may need attention
2025-06-17 17:44:13,365 - root - WARNING - Health Check: Low FPS detected: 0.36
2025-06-17 17:44:13,366 - root - WARNING - Health check failed - system may need attention
2025-06-17 17:44:16,206 - root - WARNING - Health Check: Low FPS detected: 0.36
2025-06-17 17:44:16,207 - root - WARNING - Health check failed - system may need attention
2025-06-17 17:44:18,858 - root - WARNING - Health Check: Low FPS detected: 0.36
2025-06-17 17:44:18,859 - root - WARNING - Health check failed - system may need attention
2025-06-17 17:44:21,491 - root - WARNING - Health Check: Low FPS detected: 0.36
2025-06-17 17:44:21,491 - root - WARNING - Health check failed - system may need attention
2025-06-17 17:44:24,264 - root - WARNING - Health Check: Low FPS detected: 0.36
2025-06-17 17:44:24,264 - root - WARNING - Health check failed - system may need attention
2025-06-17 17:44:27,006 - root - WARNING - Health Check: Low FPS detected: 0.36
2025-06-17 17:44:27,007 - root - WARNING - Health check failed - system may need attention
2025-06-17 17:44:29,808 - root - WARNING - Health Check: Low FPS detected: 0.36
2025-06-17 17:44:29,808 - root - WARNING - Health check failed - system may need attention
2025-06-17 17:44:32,648 - root - WARNING - Health Check: Low FPS detected: 0.36
2025-06-17 17:44:32,648 - root - WARNING - Health check failed - system may need attention
2025-06-17 17:44:35,509 - root - WARNING - Health Check: Low FPS detected: 0.36
2025-06-17 17:44:35,509 - root - WARNING - Health check failed - system may need attention
2025-06-17 17:44:38,363 - root - WARNING - Health Check: Low FPS detected: 0.36
2025-06-17 17:44:38,363 - root - WARNING - Health check failed - system may need attention
2025-06-17 17:44:41,147 - root - WARNING - Health Check: Low FPS detected: 0.36
2025-06-17 17:44:41,148 - root - WARNING - Health check failed - system may need attention
2025-06-17 17:44:43,919 - root - WARNING - Health Check: Low FPS detected: 0.36
2025-06-17 17:44:43,920 - root - WARNING - Health check failed - system may need attention
2025-06-17 17:44:46,680 - root - WARNING - Health Check: Low FPS detected: 0.36
2025-06-17 17:44:46,680 - root - WARNING - Health check failed - system may need attention
2025-06-17 17:44:49,697 - root - WARNING - Health Check: Low FPS detected: 0.36
2025-06-17 17:44:49,698 - root - WARNING - Health check failed - system may need attention
2025-06-17 18:16:00,234 - root - ERROR - Failed to initialize video capture: Could not open video stream
2025-06-17 18:16:00,236 - root - ERROR - Failed to initialize video capture. Exiting.
2025-06-17 18:17:15,110 - root - ERROR - Failed to initialize video capture: Could not open video stream
2025-06-17 18:17:15,111 - root - ERROR - Failed to initialize video capture. Exiting.
2025-06-17 18:17:38,565 - root - ERROR - Failed to initialize video capture: 'int' object has no attribute 'replace'
2025-06-17 18:17:38,567 - root - ERROR - Failed to initialize video capture. Exiting.
2025-06-17 18:20:48,277 - root - WARNING - Health Check: Low FPS detected: 0.26
2025-06-17 18:20:48,277 - root - WARNING - Health check failed - system may need attention
2025-06-17 18:20:51,307 - root - WARNING - Health Check: Low FPS detected: 0.27
2025-06-17 18:20:51,307 - root - WARNING - Health check failed - system may need attention
2025-06-17 18:20:54,408 - root - WARNING - Health Check: Low FPS detected: 0.27
2025-06-17 18:20:54,409 - root - WARNING - Health check failed - system may need attention
2025-06-17 18:20:57,467 - root - WARNING - Health Check: Low FPS detected: 0.27
2025-06-17 18:20:57,467 - root - WARNING - Health check failed - system may need attention
